<?xml version="1.0" encoding="UTF-8"?>
<!-- Generated by org.testng.reporters.JUnitXMLReporter -->
<testsuite ignored="0" hostname="DESKTOP-V7OIE2M" failures="0" tests="4" name="Default test" time="16.654" errors="0" timestamp="02 Feb 2023 20:12:02 GMT">
  <testcase classname="com.acti.testacase.LoginPageTests" name="testForgotPasswordIsDisplayed" time="4.001"/>
  <testcase classname="com.acti.testacase.LoginPageTests" name="testLoginFunctions" time="5.823"/>
  <testcase classname="com.acti.testacase.LoginPageTests" name="testLoginPage" time="3.458"/>
  <testcase classname="com.acti.testacase.LoginPageTests" name="testActImgIsDisplayed" time="3.338"/>
</testsuite> <!-- Default test -->
